
Copyright (C) 1994-2019 Synopsys, Inc.
This Synopsys software and all associated documentation are proprietary to Synopsys, Inc.
and may only be used pursuant to the terms and conditions of a written license agreement
with Synopsys, Inc. All other use, reproduction, modification, or distribution of the
Synopsys software or the associated documentation is strictly prohibited.
Tool: Synplify Pro (R)
Build: P-2019.03M-SP1-1
Install: C:\Microsemi\Libero_SoC_v12.4\SynplifyPro
OS: Windows 6.2

Hostname: PHOENIX136DESKY

Implementation : synthesis
Synopsys HDL compiler and linker, Version comp2019q2p1, Build 273R, Built Dec 16 2019 13:19:32

Modified Files: 0
FID:  path (prevtimestamp, timestamp)

*******************************************************************
Modules that may have changed as a result of file changes: 0
MID:  lib.cell.view

*******************************************************************
Unmodified files: 12
FID:  path (timestamp)
0        C:\Microsemi\Libero_SoC_v12.4\SynplifyPro\lib\vhd2008\arith.vhd (2020-02-28 08:59:46)
1        C:\Microsemi\Libero_SoC_v12.4\SynplifyPro\lib\vhd2008\location.map (2020-02-28 08:59:46)
2        C:\Microsemi\Libero_SoC_v12.4\SynplifyPro\lib\vhd2008\numeric.vhd (2020-02-28 08:59:46)
3        C:\Microsemi\Libero_SoC_v12.4\SynplifyPro\lib\vhd2008\std.vhd (2020-02-28 08:59:46)
4        C:\Microsemi\Libero_SoC_v12.4\SynplifyPro\lib\vhd2008\std1164.vhd (2020-02-28 08:59:46)
5        C:\Microsemi\Libero_SoC_v12.4\SynplifyPro\lib\vhd2008\std_textio.vhd (2020-02-28 08:59:46)
6        C:\Microsemi\Libero_SoC_v12.4\SynplifyPro\lib\vhd2008\unsigned.vhd (2020-02-28 08:59:46)
7        C:\Microsemi\Libero_SoC_v12.4\SynplifyPro\lib\vhd\hyperents.vhd (2020-02-28 08:59:46)
8        C:\Microsemi\Libero_SoC_v12.4\SynplifyPro\lib\vhd\snps_haps_pkg.vhd (2020-02-28 08:59:46)
9        C:\Microsemi\Libero_SoC_v12.4\SynplifyPro\lib\vhd\umr_capim.vhd (2020-02-28 08:59:46)
10       E:\Github_Repos\Gray_Code_Core\Gray_Code_Core\hdl\Gray_Code_package.vhd (2020-04-29 19:16:16)
13       E:\Github_Repos\Gray_Code_Core\Gray_Code_Core\hdl\gray_to_binary_freq_test.vhd (2020-04-30 00:12:15)

*******************************************************************
Unchanged modules: 2
MID:  lib.cell.view
4        work.gray_to_binary_freq_test.architecture_gray_to_binary_freq_test
5        work.gray_to_binary_freq_test.vhdl
