
Copyright (C) 1994-2019 Synopsys, Inc.
This Synopsys software and all associated documentation are proprietary to Synopsys, Inc.
and may only be used pursuant to the terms and conditions of a written license agreement
with Synopsys, Inc. All other use, reproduction, modification, or distribution of the
Synopsys software or the associated documentation is strictly prohibited.
Tool: Synplify Pro (R)
Build: P-2019.03M-SP1-1
Install: C:\Microsemi\Libero_SoC_v12.4\SynplifyPro
OS: Windows 6.2

Hostname: PHOENIX136DESKY

Implementation : synthesis

# Written on Wed Apr 29 17:48:53 2020

##### DESIGN INFO #######################################################

Top View:                "COREFIFO_C0"
Constraint File(s):      "E:\Github_Repos\Gray_Code_Core\Gray_Code_Core\designer\COREFIFO_C0\synthesis.fdc"




##### SUMMARY ############################################################

Found 0 issues in 0 out of 0 constraints


##### DETAILS ############################################################



Clock Relationships
*******************

Starting               Ending                 |     rise to rise     |     fall to fall     |     rise to fall     |     fall to rise                     
---------------------------------------------------------------------------------------------------------------------------------------------------------
COREFIFO_C0|RCLOCK     COREFIFO_C0|RCLOCK     |     10.000           |     No paths         |     No paths         |     No paths                         
COREFIFO_C0|RCLOCK     COREFIFO_C0|WCLOCK     |     Diff grp         |     No paths         |     No paths         |     No paths                         
COREFIFO_C0|WCLOCK     COREFIFO_C0|RCLOCK     |     Diff grp         |     No paths         |     No paths         |     No paths                         
COREFIFO_C0|WCLOCK     COREFIFO_C0|WCLOCK     |     10.000           |     No paths         |     No paths         |     No paths                         
=========================================================================================================================================================
 Note: 'No paths' indicates there are no paths in the design for that pair of clock edges.
       'Diff grp' indicates that paths exist but the starting clock and ending clock are in different clock groups.


Unconstrained Start/End Points
******************************

p:DATA[0]
p:DATA[1]
p:DATA[2]
p:DATA[3]
p:DATA[4]
p:DATA[5]
p:DATA[6]
p:DATA[7]
p:EMPTY
p:FULL
p:Q[0]
p:Q[1]
p:Q[2]
p:Q[3]
p:Q[4]
p:Q[5]
p:Q[6]
p:Q[7]
p:RE
p:RESET
p:WE


Inapplicable constraints
************************

(none)


Applicable constraints with issues
**********************************

(none)


Constraints with matching wildcard expressions
**********************************************

(none)


Library Report
**************


# End of Constraint Checker Report
