
Starting:    C:\Microsemi\Libero_SoC_v12.4\SynplifyPro\bin64\mbin\synplify.exe
Install:     C:\Microsemi\Libero_SoC_v12.4\SynplifyPro
Hostname:    PHOENIX136DESKY
Date:        Thu Apr 30 00:13:11 2020
Version:     P-2019.03M-SP1-1

Arguments:   -product synplify_pro gray_to_binary_freq_test_syn.tcl
ProductType: synplify_pro

License checkout: synplifypro_actel
License: synplifypro_actel node-locked 
Licensed Vendor: actel
License Option: actel_oem



auto_infer_blackbox is not supported in current product.
TCL script complete: "gray_to_binary_freq_test_syn.tcl"
log file: "E:\Github_Repos\Gray_Code_Core\Gray_Code_Core\synthesis\gray_to_binary_freq_test.srr"
Running: synthesis in foreground

Running gray_to_binary_freq_test_syn|synthesis

Running Flow: compile (Compile) on gray_to_binary_freq_test_syn|synthesis
# Thu Apr 30 00:13:19 2020

Running Flow: compile_flow (Compile Process) on gray_to_binary_freq_test_syn|synthesis
# Thu Apr 30 00:13:19 2020

Running: compiler (Compile Input) on gray_to_binary_freq_test_syn|synthesis
# Thu Apr 30 00:13:19 2020

Job: "compiler" terminated with errors. Return status: 0
See log file: "E:\Github_Repos\Gray_Code_Core\Gray_Code_Core\synthesis\synlog\gray_to_binary_freq_test_compiler.srr"
# Thu Apr 30 00:13:21 2020

Return Code: 0
Run Time:00h:00m:02s
Job Canceled: "compiler"
Job Flow canceled: "synthesis"
0exit status=0
License checkin: synplifypro_actel
