
Starting:    C:\Microsemi\Libero_SoC_v12.4\SynplifyPro\bin64\mbin\synbatch.exe
Install:     C:\Microsemi\Libero_SoC_v12.4\SynplifyPro
Hostname:    PHOENIX136DESKY
Date:        Wed Apr 29 22:32:24 2020
Version:     P-2019.03M-SP1-1

Arguments:   -product synplify_pro -licensetype synplifypro_actel -batch -log synplify.log Gray_Code_Counter_syn.tcl
ProductType: synplify_pro

License checkout: synplifypro_actel
License: synplifypro_actel node-locked 
Licensed Vendor: actel
License Option: actel_oem

Running in Vendor Mode

"automatic_compile_point" is unrecognized option for current device
Implementation not found: synthesis
log file: "E:\Github_Repos\Gray_Code_Core\Gray_Code_Core\synthesis\Gray_Code_Counter.srr"
Running: synthesis in foreground

Running Gray_Code_Counter_syn|synthesis

Running Flow: compile (Compile) on Gray_Code_Counter_syn|synthesis
# Wed Apr 29 22:32:25 2020

Running Flow: compile_flow (Compile Process) on Gray_Code_Counter_syn|synthesis
# Wed Apr 29 22:32:25 2020

Running: compiler (Compile Input) on Gray_Code_Counter_syn|synthesis
# Wed Apr 29 22:32:25 2020
Copied E:\Github_Repos\Gray_Code_Core\Gray_Code_Core\synthesis\synwork\Gray_Code_Counter_comp.srs to E:\Github_Repos\Gray_Code_Core\Gray_Code_Core\synthesis\Gray_Code_Counter.srs

compiler completed
# Wed Apr 29 22:32:27 2020

Return Code: 0
Run Time:00h:00m:02s

Running: multi_srs_gen (Multi-srs Generator) on Gray_Code_Counter_syn|synthesis
# Wed Apr 29 22:32:27 2020

multi_srs_gen completed
# Wed Apr 29 22:32:28 2020

Return Code: 0
Run Time:00h:00m:01s
Copied E:\Github_Repos\Gray_Code_Core\Gray_Code_Core\synthesis\synwork\Gray_Code_Counter_mult.srs to E:\Github_Repos\Gray_Code_Core\Gray_Code_Core\synthesis\Gray_Code_Counter.srs
Complete: Compile Process on Gray_Code_Counter_syn|synthesis

Running: premap (Premap) on Gray_Code_Counter_syn|synthesis
# Wed Apr 29 22:32:28 2020

premap completed with warnings
# Wed Apr 29 22:32:30 2020

Return Code: 1
Run Time:00h:00m:02s
Complete: Compile on Gray_Code_Counter_syn|synthesis

Running Flow: map (Map) on Gray_Code_Counter_syn|synthesis
# Wed Apr 29 22:32:30 2020
License granted for 4 parallel jobs

Running: fpga_mapper (Map & Optimize) on Gray_Code_Counter_syn|synthesis
# Wed Apr 29 22:32:30 2020
Copied E:\Github_Repos\Gray_Code_Core\Gray_Code_Core\synthesis\synwork\Gray_Code_Counter_m.srm to E:\Github_Repos\Gray_Code_Core\Gray_Code_Core\synthesis\Gray_Code_Counter.srm

fpga_mapper completed with warnings
# Wed Apr 29 22:32:34 2020

Return Code: 1
Run Time:00h:00m:04s
Complete: Map on Gray_Code_Counter_syn|synthesis
Complete: Logic Synthesis on Gray_Code_Counter_syn|synthesis
Copied E:\Github_Repos\Gray_Code_Core\Gray_Code_Core\synthesis\Gray_Code_Counter.srr to E:\Github_Repos\Gray_Code_Core\Gray_Code_Core\synthesis\backup\Gray_Code_Counter.srr
TCL script complete: "Gray_Code_Counter_syn.tcl"
exit status=0
exit status=0
License checkin: synplifypro_actel
